<?xml version="1.0" encoding="UTF-8"?>
<beans xmlns="http://java.sun.com/xml/ns/javaee"
 xmlns:xsi="http://www.w3.org/2001/XMLSchema-instance" xsi:schemaLocation="       http://java.sun.com/xml/ns/javaee       http://java.sun.com/xml/ns/javaee/beans_1_0.xsd">
 <interceptors>
  <class>jee.reference.interceptor.LoggingInterceptor</class>
  <class>jee.reference.interceptor.RetryOnOptimisticLockExceptionInterceptor</class>
 </interceptors>
 <decorators>
  <class>jee.reference.decorator.PersonServiceJMSDecorator</class>
 </decorators>
</beans>
